Using pre-set license
Built from '2022.3/staging' branch; Version is '2022.3.1f1 (f18e0c1b5784) revision 15830540'; Using compiler version '192829333'; Build Type 'Release'
OS: 'Windows 11  (10.0.22621) 64bit Core' Language: 'ja' Physical Memory: 16107 MB
BatchMode: 1, IsHumanControllingUs: 0, StartBugReporterOnCrash: 0, Is64bit: 1, IsPro: 1

COMMAND LINE ARGUMENTS:
C:\Program Files\Unity\Hub\Editor\2022.3.1f1\Editor\Unity.exe
-adb2
-batchMode
-noUpm
-name
AssetImportWorker4
-projectPath
C:/Users/mirum/RyokiFest2023/Project/Project_RyokiFest2023
-logFile
Logs/AssetImportWorker4.log
-srvPort
51712
Successfully changed project path to: C:/Users/mirum/RyokiFest2023/Project/Project_RyokiFest2023
C:/Users/mirum/RyokiFest2023/Project/Project_RyokiFest2023
[UnityMemory] Configuration Parameters - Can be set up in boot.config
    "memorysetup-bucket-allocator-granularity=16"
    "memorysetup-bucket-allocator-bucket-count=8"
    "memorysetup-bucket-allocator-block-size=33554432"
    "memorysetup-bucket-allocator-block-count=8"
    "memorysetup-main-allocator-block-size=16777216"
    "memorysetup-thread-allocator-block-size=16777216"
    "memorysetup-gfx-main-allocator-block-size=16777216"
    "memorysetup-gfx-thread-allocator-block-size=16777216"
    "memorysetup-cache-allocator-block-size=4194304"
    "memorysetup-typetree-allocator-block-size=2097152"
    "memorysetup-profiler-bucket-allocator-granularity=16"
    "memorysetup-profiler-bucket-allocator-bucket-count=8"
    "memorysetup-profiler-bucket-allocator-block-size=33554432"
    "memorysetup-profiler-bucket-allocator-block-count=8"
    "memorysetup-profiler-allocator-block-size=16777216"
    "memorysetup-profiler-editor-allocator-block-size=1048576"
    "memorysetup-temp-allocator-size-main=16777216"
    "memorysetup-job-temp-allocator-block-size=2097152"
    "memorysetup-job-temp-allocator-block-size-background=1048576"
    "memorysetup-job-temp-allocator-reduction-small-platforms=262144"
    "memorysetup-allocator-temp-initial-block-size-main=262144"
    "memorysetup-allocator-temp-initial-block-size-worker=262144"
    "memorysetup-temp-allocator-size-background-worker=32768"
    "memorysetup-temp-allocator-size-job-worker=262144"
    "memorysetup-temp-allocator-size-preload-manager=33554432"
    "memorysetup-temp-allocator-size-nav-mesh-worker=65536"
    "memorysetup-temp-allocator-size-audio-worker=65536"
    "memorysetup-temp-allocator-size-cloud-worker=32768"
    "memorysetup-temp-allocator-size-gi-baking-worker=262144"
    "memorysetup-temp-allocator-size-gfx=262144"
Player connection [42060] Host "[IP] 192.168.1.44 [Port] 0 [Flags] 2 [Guid] 4212078694 [EditorId] 4212078694 [Version] 1048832 [Id] WindowsEditor(7,K-M_1113) [Debug] 1 [PackageName] WindowsEditor [ProjectName] Editor" joined multi-casting on [225.0.0.222:54997]...

Player connection [42060] Host "[IP] 192.168.1.44 [Port] 0 [Flags] 2 [Guid] 4212078694 [EditorId] 4212078694 [Version] 1048832 [Id] WindowsEditor(7,K-M_1113) [Debug] 1 [PackageName] WindowsEditor [ProjectName] Editor" joined alternative multi-casting on [225.0.0.222:34997]...

Refreshing native plugins compatible for Editor in 2410.88 ms, found 3 plugins.
Preloading 0 native plugins for Editor in 0.00 ms.
Initialize engine version: 2022.3.1f1 (f18e0c1b5784)
[Subsystems] Discovering subsystems at path C:/Program Files/Unity/Hub/Editor/2022.3.1f1/Editor/Data/Resources/UnitySubsystems
[Subsystems] Discovering subsystems at path C:/Users/mirum/RyokiFest2023/Project/Project_RyokiFest2023/Assets
GfxDevice: creating device client; threaded=0; jobified=0
Direct3D:
    Version:  Direct3D 11.0 [level 11.1]
    Renderer: Intel(R) Iris(R) Xe Graphics (ID=0xa7a0)
    Vendor:   Intel
    VRAM:     8053 MB
    Driver:   31.0.101.4255
Initialize mono
Mono path[0] = 'C:/Program Files/Unity/Hub/Editor/2022.3.1f1/Editor/Data/Managed'
Mono path[1] = 'C:/Program Files/Unity/Hub/Editor/2022.3.1f1/Editor/Data/MonoBleedingEdge/lib/mono/unityjit-win32'
Mono config path = 'C:/Program Files/Unity/Hub/Editor/2022.3.1f1/Editor/Data/MonoBleedingEdge/etc'
Using monoOptions --debugger-agent=transport=dt_socket,embedding=1,server=y,suspend=n,address=127.0.0.1:56280
Begin MonoManager ReloadAssembly
Registering precompiled unity dll's ...
Register platform support module: C:/Program Files/Unity/Hub/Editor/2022.3.1f1/Editor/Data/PlaybackEngines/WebGLSupport/UnityEditor.WebGL.Extensions.dll
Register platform support module: C:/Program Files/Unity/Hub/Editor/2022.3.1f1/Editor/Data/PlaybackEngines/WindowsStandaloneSupport/UnityEditor.WindowsStandalone.Extensions.dll
Registered in 0.374443 seconds.
- Loaded All Assemblies, in 11.209 seconds
Native extension for WindowsStandalone target not found
Native extension for WebGL target not found
Mono: successfully reloaded assembly
- Finished resetting the current domain, in  0.208 seconds
Domain Reload Profiling: 11416ms
	BeginReloadAssembly (8448ms)
		ExecutionOrderSort (0ms)
		DisableScriptedObjects (0ms)
		BackupInstance (0ms)
		ReleaseScriptingObjects (0ms)
		CreateAndSetChildDomain (1ms)
	RebuildCommonClasses (767ms)
	RebuildNativeTypeToScriptingClass (6ms)
	initialDomainReloadingComplete (416ms)
	LoadAllAssembliesAndSetupDomain (1570ms)
		LoadAssemblies (8446ms)
		RebuildTransferFunctionScriptingTraits (0ms)
		AnalyzeDomain (1566ms)
			TypeCache.Refresh (1565ms)
				TypeCache.ScanAssembly (1112ms)
			ScanForSourceGeneratedMonoScriptInfo (0ms)
			ResolveRequiredComponents (0ms)
	FinalizeReload (208ms)
		ReleaseScriptCaches (0ms)
		RebuildScriptCaches (0ms)
		SetupLoadedEditorAssemblies (163ms)
			LogAssemblyErrors (0ms)
			InitializePlatformSupportModulesInManaged (15ms)
			SetLoadedEditorAssemblies (6ms)
			RefreshPlugins (0ms)
			BeforeProcessingInitializeOnLoad (2ms)
			ProcessInitializeOnLoadAttributes (98ms)
			ProcessInitializeOnLoadMethodAttributes (42ms)
			AfterProcessingInitializeOnLoad (0ms)
			EditorAssembliesLoaded (0ms)
		ExecutionOrderSort2 (0ms)
		AwakeInstancesAfterBackupRestoration (0ms)
========================================================================
Worker process is ready to serve import requests
Begin MonoManager ReloadAssembly
Symbol file LoadedFromMemory doesn't match image C:\Users\mirum\RyokiFest2023\Project\Project_RyokiFest2023\Library\PackageCache\com.unity.visualscripting@1.8.0\Editor\VisualScripting.Core\Dependencies\YamlDotNet\Unity.VisualScripting.YamlDotNet.dll
Symbol file LoadedFromMemory doesn't match image C:\Users\mirum\RyokiFest2023\Project\Project_RyokiFest2023\Library\PackageCache\com.unity.visualscripting@1.8.0\Editor\VisualScripting.Core\Dependencies\DotNetZip\Unity.VisualScripting.IonicZip.dll
- Loaded All Assemblies, in 12.984 seconds
Refreshing native plugins compatible for Editor in 2.73 ms, found 3 plugins.
Native extension for WindowsStandalone target not found
Native extension for WebGL target not found
Package Manager log level set to [2]
[Package Manager] Server::EnsureServerProcessIsRunning -- launch failed, reason: Unity was launched with the -noUpm command-line argument
[Package Manager] UpmClient::Send -- Unable to send message (not connected to UPM process).
[Package Manager] Cannot connect to Unity Package Manager local server
Mono: successfully reloaded assembly
- Finished resetting the current domain, in  0.574 seconds
Domain Reload Profiling: 13555ms
	BeginReloadAssembly (93ms)
		ExecutionOrderSort (0ms)
		DisableScriptedObjects (4ms)
		BackupInstance (0ms)
		ReleaseScriptingObjects (0ms)
		CreateAndSetChildDomain (16ms)
	RebuildCommonClasses (22ms)
	RebuildNativeTypeToScriptingClass (7ms)
	initialDomainReloadingComplete (29ms)
	LoadAllAssembliesAndSetupDomain (12829ms)
		LoadAssemblies (12251ms)
		RebuildTransferFunctionScriptingTraits (0ms)
		AnalyzeDomain (620ms)
			TypeCache.Refresh (599ms)
				TypeCache.ScanAssembly (518ms)
			ScanForSourceGeneratedMonoScriptInfo (15ms)
			ResolveRequiredComponents (6ms)
	FinalizeReload (574ms)
		ReleaseScriptCaches (0ms)
		RebuildScriptCaches (0ms)
		SetupLoadedEditorAssemblies (403ms)
			LogAssemblyErrors (0ms)
			InitializePlatformSupportModulesInManaged (8ms)
			SetLoadedEditorAssemblies (5ms)
			RefreshPlugins (0ms)
			BeforeProcessingInitializeOnLoad (84ms)
			ProcessInitializeOnLoadAttributes (276ms)
			ProcessInitializeOnLoadMethodAttributes (22ms)
			AfterProcessingInitializeOnLoad (7ms)
			EditorAssembliesLoaded (0ms)
		ExecutionOrderSort2 (0ms)
		AwakeInstancesAfterBackupRestoration (7ms)
Launched and connected shader compiler UnityShaderCompiler.exe after 0.06 seconds
Refreshing native plugins compatible for Editor in 2.56 ms, found 3 plugins.
Preloading 0 native plugins for Editor in 0.00 ms.
Unloading 3513 Unused Serialized files (Serialized files now loaded: 0)
Unloading 41 unused Assets / (0.8 MB). Loaded Objects now: 4116.
Memory consumption went from 158.7 MB to 157.8 MB.
Total: 3.302400 ms (FindLiveObjects: 0.222500 ms CreateObjectMapping: 0.085700 ms MarkObjects: 2.650600 ms  DeleteObjects: 0.341900 ms)

AssetImportParameters requested are different than current active one (requested -> active):
  custom:container-demuxer-ogg: 62fdf1f143b41e24485cea50d1cbac27 -> 
  custom:video-codec-MediaFoundation-h265: 746d11721c4dcdbdad8f713fa42b33f4 -> 
  custom:video-decoder-ogg-theora: a1e56fd34408186e4bbccfd4996cb3dc -> 
  custom:framework-win-MediaFoundation: 216162199b28c13a410421893ffa2e32 -> 
  custom:container-demuxer-webm: 4f35f7cbe854078d1ac9338744f61a02 -> 
  custom:container-muxer-webm: aa71ff27fc2769a1b78a27578f13a17b -> 
  custom:video-decoder-webm-vp8: 9c59270c3fd7afecdb556c50c9e8de78 -> 
  custom:AudioImporter_EditorPlatform: d09bf68614088b80899f8185d706f6e7 -> 
  custom:video-encoder-webm-vp8: eb34c28f22e8b96e1ab97ce403110664 -> 
  custom:audio-decoder-ogg-vorbis: bf7c407c2cedff20999df2af8eb42d56 -> 
  custom:audio-encoder-webm-vorbis: bf7c407c2cedff20999df2af8eb42d56 -> 
========================================================================
Received Import Request.
  Time since last request: 119850.856901 seconds.
  path: Assets/WorldMaterialsFree/Resource Files/DesertSandBrick/DesertSandBricks_Albedo.png
  artifactKey: Guid(40d7fbe8ea051d34eba523ba288c3dee) Importer(815301076,1909f56bfc062723c751e8b465ee728b)
Start importing Assets/WorldMaterialsFree/Resource Files/DesertSandBrick/DesertSandBricks_Albedo.png using Guid(40d7fbe8ea051d34eba523ba288c3dee) Importer(815301076,1909f56bfc062723c751e8b465ee728b)  -> (artifact id: 'ab6d299bfc47b6042333f11c7d19d0e2') in 0.051915 seconds
Number of updated asset objects reloaded before import = 0
Number of asset objects unloaded after import = 2
========================================================================
Received Import Request.
  Time since last request: 0.000034 seconds.
  path: Assets/WorldMaterialsFree/Resource Files/DesertSandBrick/DesertSandBricks_normal.png
  artifactKey: Guid(9aadb6fe23a7254408035437838d84f8) Importer(815301076,1909f56bfc062723c751e8b465ee728b)
Start importing Assets/WorldMaterialsFree/Resource Files/DesertSandBrick/DesertSandBricks_normal.png using Guid(9aadb6fe23a7254408035437838d84f8) Importer(815301076,1909f56bfc062723c751e8b465ee728b)  -> (artifact id: 'a6aa6965a5126e21c4510663799c2bc1') in 0.044921 seconds
Number of updated asset objects reloaded before import = 0
Number of asset objects unloaded after import = 2
========================================================================
Received Import Request.
  Time since last request: 0.000023 seconds.
  path: Assets/WorldMaterialsFree/Resource Files/DesertSandBrick/DesertSandBricks_roughness.png
  artifactKey: Guid(4008be94fb538d040863fb00f6276ecd) Importer(815301076,1909f56bfc062723c751e8b465ee728b)
Start importing Assets/WorldMaterialsFree/Resource Files/DesertSandBrick/DesertSandBricks_roughness.png using Guid(4008be94fb538d040863fb00f6276ecd) Importer(815301076,1909f56bfc062723c751e8b465ee728b)  -> (artifact id: 'cc82bba1b4532ed7a7ec6b881ce759c4') in 0.013850 seconds
Number of updated asset objects reloaded before import = 0
Number of asset objects unloaded after import = 2
========================================================================
Received Import Request.
  Time since last request: 0.015759 seconds.
  path: Packages/com.unity.probuilder/Content/Icons/Toolbar/Face_Duplicate_disabled.png
  artifactKey: Guid(9fb527c1d5169144fac9f1e2a44989a7) Importer(815301076,1909f56bfc062723c751e8b465ee728b)
Start importing Packages/com.unity.probuilder/Content/Icons/Toolbar/Face_Duplicate_disabled.png using Guid(9fb527c1d5169144fac9f1e2a44989a7) Importer(815301076,1909f56bfc062723c751e8b465ee728b)  -> (artifact id: '22cdd02f5a43bed6dcdb36e3a26262b1') in 0.022083 seconds
Number of updated asset objects reloaded before import = 0
Number of asset objects unloaded after import = 2
========================================================================
Received Import Request.
  Time since last request: 0.000018 seconds.
  path: Packages/com.unity.probuilder/Content/Icons/Toolbar/Face_Subdivide.png
  artifactKey: Guid(f39740293786844af83a632bff1665d9) Importer(815301076,1909f56bfc062723c751e8b465ee728b)
Start importing Packages/com.unity.probuilder/Content/Icons/Toolbar/Face_Subdivide.png using Guid(f39740293786844af83a632bff1665d9) Importer(815301076,1909f56bfc062723c751e8b465ee728b)  -> (artifact id: 'e6b8223caca75e2b426d71a7cbc8dc37') in 0.019240 seconds
Number of updated asset objects reloaded before import = 0
Number of asset objects unloaded after import = 2
========================================================================
Received Import Request.
  Time since last request: 0.000016 seconds.
  path: Packages/com.unity.probuilder/Content/Icons/Toolbar/Face_Subdivide_disabled.png
  artifactKey: Guid(1969c94fa912348e9bd4d423c2618191) Importer(815301076,1909f56bfc062723c751e8b465ee728b)
Start importing Packages/com.unity.probuilder/Content/Icons/Toolbar/Face_Subdivide_disabled.png using Guid(1969c94fa912348e9bd4d423c2618191) Importer(815301076,1909f56bfc062723c751e8b465ee728b)  -> (artifact id: 'ff89c01a758cd9fb87c91327a235ee24') in 0.017032 seconds
Number of updated asset objects reloaded before import = 0
Number of asset objects unloaded after import = 2
========================================================================
Received Import Request.
  Time since last request: 0.000019 seconds.
  path: Packages/com.unity.testtools.codecoverage/Editor/Icons/FolderOpened@2x.png
  artifactKey: Guid(dd4bd79e2c603964e8cbf04d0851a210) Importer(815301076,1909f56bfc062723c751e8b465ee728b)
Start importing Packages/com.unity.testtools.codecoverage/Editor/Icons/FolderOpened@2x.png using Guid(dd4bd79e2c603964e8cbf04d0851a210) Importer(815301076,1909f56bfc062723c751e8b465ee728b)  -> (artifact id: '4eba2a2bc9b5f0ae5fc2d1cbf412b0ac') in 0.021624 seconds
Number of updated asset objects reloaded before import = 0
Number of asset objects unloaded after import = 2
========================================================================
Received Import Request.
  Time since last request: 0.000015 seconds.
  path: Packages/com.unity.probuilder/Content/Icons/Toolbar/Face_FlipNormals_disabled.png
  artifactKey: Guid(737f5ea0ac9e84e078766b1d2a99b7f3) Importer(815301076,1909f56bfc062723c751e8b465ee728b)
Start importing Packages/com.unity.probuilder/Content/Icons/Toolbar/Face_FlipNormals_disabled.png using Guid(737f5ea0ac9e84e078766b1d2a99b7f3) Importer(815301076,1909f56bfc062723c751e8b465ee728b)  -> (artifact id: '31dd2d7c9d0be8af750b4c4d10337e63') in 0.028449 seconds
Number of updated asset objects reloaded before import = 0
Number of asset objects unloaded after import = 2
========================================================================
Received Import Request.
  Time since last request: 0.000032 seconds.
  path: Assets/TextMesh Pro/Examples & Extras/Fonts/Oswald-Bold.ttf
  artifactKey: Guid(c9f6d0e7bc8541498c9a4799ba184ede) Importer(815301076,1909f56bfc062723c751e8b465ee728b)
Start importing Assets/TextMesh Pro/Examples & Extras/Fonts/Oswald-Bold.ttf using Guid(c9f6d0e7bc8541498c9a4799ba184ede) Importer(815301076,1909f56bfc062723c751e8b465ee728b)  -> (artifact id: '294d8b1710dc942a6654edea9fab0fea') in 0.048768 seconds
Number of updated asset objects reloaded before import = 0
Number of asset objects unloaded after import = 4
========================================================================
Received Import Request.
  Time since last request: 0.000013 seconds.
  path: Assets/TextMesh Pro/Examples & Extras/Fonts/Electronic Highway Sign.TTF
  artifactKey: Guid(8a2b9e2a607dd2143b58c44bc32410b4) Importer(815301076,1909f56bfc062723c751e8b465ee728b)
Start importing Assets/TextMesh Pro/Examples & Extras/Fonts/Electronic Highway Sign.TTF using Guid(8a2b9e2a607dd2143b58c44bc32410b4) Importer(815301076,1909f56bfc062723c751e8b465ee728b)  -> (artifact id: 'c7f305e02e39be85e2631c4793c8812a') in 0.012080 seconds
Number of updated asset objects reloaded before import = 0
Number of asset objects unloaded after import = 4
========================================================================
Received Import Request.
  Time since last request: 0.000019 seconds.
  path: Assets/TextMesh Pro/Examples & Extras/Textures/Fruit Jelly (B&W).jpg
  artifactKey: Guid(1cdc5b506b1a4a33a53c30669ced1f51) Importer(815301076,1909f56bfc062723c751e8b465ee728b)
Start importing Assets/TextMesh Pro/Examples & Extras/Textures/Fruit Jelly (B&W).jpg using Guid(1cdc5b506b1a4a33a53c30669ced1f51) Importer(815301076,1909f56bfc062723c751e8b465ee728b)  -> (artifact id: 'a764c3e54380e0f617dcec8734fb16d0') in 0.020662 seconds
Number of updated asset objects reloaded before import = 0
Number of asset objects unloaded after import = 2
========================================================================
Received Import Request.
  Time since last request: 0.000022 seconds.
  path: Packages/com.unity.probuilder/Content/Icons/Toolbar/Face_Merge_disabled.png
  artifactKey: Guid(b101a01607718410bb1121fee004c8b3) Importer(815301076,1909f56bfc062723c751e8b465ee728b)
Start importing Packages/com.unity.probuilder/Content/Icons/Toolbar/Face_Merge_disabled.png using Guid(b101a01607718410bb1121fee004c8b3) Importer(815301076,1909f56bfc062723c751e8b465ee728b)  -> (artifact id: '78443c38480e1e72d74536e48b373232') in 0.018224 seconds
Number of updated asset objects reloaded before import = 0
Number of asset objects unloaded after import = 2
========================================================================
Received Import Request.
  Time since last request: 0.000016 seconds.
  path: Assets/TextMesh Pro/Examples & Extras/Textures/Floor Tiles 1 - diffuse.jpg
  artifactKey: Guid(85ac55597b97403c82fc6601a93cf241) Importer(815301076,1909f56bfc062723c751e8b465ee728b)
Start importing Assets/TextMesh Pro/Examples & Extras/Textures/Floor Tiles 1 - diffuse.jpg using Guid(85ac55597b97403c82fc6601a93cf241) Importer(815301076,1909f56bfc062723c751e8b465ee728b)  -> (artifact id: '1872116a9f674ff83b0911d039b70d32') in 0.014717 seconds
Number of updated asset objects reloaded before import = 0
Number of asset objects unloaded after import = 2
========================================================================
Received Import Request.
  Time since last request: 0.000022 seconds.
  path: Assets/TextMesh Pro/Examples & Extras/Fonts/Bangers.ttf
  artifactKey: Guid(5dd49b3eacc540408c98eee0de38e0f1) Importer(815301076,1909f56bfc062723c751e8b465ee728b)
Start importing Assets/TextMesh Pro/Examples & Extras/Fonts/Bangers.ttf using Guid(5dd49b3eacc540408c98eee0de38e0f1) Importer(815301076,1909f56bfc062723c751e8b465ee728b)  -> (artifact id: '878869d0b4a4293b898f7fbb9189ca37') in 0.014537 seconds
Number of updated asset objects reloaded before import = 0
Number of asset objects unloaded after import = 4
========================================================================
Received Import Request.
  Time since last request: 0.000017 seconds.
  path: Packages/com.unity.probuilder/Content/Icons/Toolbar/Background/Geo_Hover_Horizontal.png
  artifactKey: Guid(58277d87f7d8f46c4be7586d538c95c0) Importer(815301076,1909f56bfc062723c751e8b465ee728b)
Start importing Packages/com.unity.probuilder/Content/Icons/Toolbar/Background/Geo_Hover_Horizontal.png using Guid(58277d87f7d8f46c4be7586d538c95c0) Importer(815301076,1909f56bfc062723c751e8b465ee728b)  -> (artifact id: '299c1e08d2b28b6c87bfbb18a002892b') in 0.016391 seconds
Number of updated asset objects reloaded before import = 0
Number of asset objects unloaded after import = 2
========================================================================
Received Import Request.
  Time since last request: 0.000020 seconds.
  path: Assets/TextMesh Pro/Examples & Extras/Textures/Floor Cement.jpg
  artifactKey: Guid(283f897e4925411ebbaa758b4cb13fc2) Importer(815301076,1909f56bfc062723c751e8b465ee728b)
Start importing Assets/TextMesh Pro/Examples & Extras/Textures/Floor Cement.jpg using Guid(283f897e4925411ebbaa758b4cb13fc2) Importer(815301076,1909f56bfc062723c751e8b465ee728b)  -> (artifact id: '0711ddc82f250d0ccb17f6018d61fbd5') in 0.016874 seconds
Number of updated asset objects reloaded before import = 0
Number of asset objects unloaded after import = 2
========================================================================
Received Import Request.
  Time since last request: 2.983923 seconds.
  path: Packages/com.unity.probuilder/Content/Icons/Toolbar/Background/Geo_Hover_Horizontal_Light.png
  artifactKey: Guid(81615ac4fd7c014458e6af58a780180c) Importer(815301076,1909f56bfc062723c751e8b465ee728b)
Start importing Packages/com.unity.probuilder/Content/Icons/Toolbar/Background/Geo_Hover_Horizontal_Light.png using Guid(81615ac4fd7c014458e6af58a780180c) Importer(815301076,1909f56bfc062723c751e8b465ee728b)  -> (artifact id: '19284daaa061857140d0ba0c8d0ba630') in 0.012894 seconds
Number of updated asset objects reloaded before import = 0
Number of asset objects unloaded after import = 2
========================================================================
Received Import Request.
  Time since last request: 0.010159 seconds.
  path: Packages/com.unity.probuilder/Content/Icons/Toolbar/Background/Geo_Normal_Horizontal_Light.png
  artifactKey: Guid(d6ffabc4f227bf34d9c97357a84009be) Importer(815301076,1909f56bfc062723c751e8b465ee728b)
Start importing Packages/com.unity.probuilder/Content/Icons/Toolbar/Background/Geo_Normal_Horizontal_Light.png using Guid(d6ffabc4f227bf34d9c97357a84009be) Importer(815301076,1909f56bfc062723c751e8b465ee728b)  -> (artifact id: '7f5648d15fb51cfc39eb8ef6a6ec256a') in 0.018413 seconds
Number of updated asset objects reloaded before import = 0
Number of asset objects unloaded after import = 2
========================================================================
Received Import Request.
  Time since last request: 0.000020 seconds.
  path: Packages/com.unity.probuilder/Content/Icons/Toolbar/Background/Geo_Pressed_Horizontal.png
  artifactKey: Guid(6cfa1f4fa4f524777b44a27293390e0e) Importer(815301076,1909f56bfc062723c751e8b465ee728b)
Start importing Packages/com.unity.probuilder/Content/Icons/Toolbar/Background/Geo_Pressed_Horizontal.png using Guid(6cfa1f4fa4f524777b44a27293390e0e) Importer(815301076,1909f56bfc062723c751e8b465ee728b)  -> (artifact id: '055cebc38f58d802d88bb3ea3e21cc45') in 0.011775 seconds
Number of updated asset objects reloaded before import = 0
Number of asset objects unloaded after import = 2
========================================================================
Received Import Request.
  Time since last request: 0.000014 seconds.
  path: Packages/com.unity.probuilder/Content/Icons/Toolbar/Background/Geo_Pressed_Vertical_Light.png
  artifactKey: Guid(0b6c87828bb440646aae0621230d5d0b) Importer(815301076,1909f56bfc062723c751e8b465ee728b)
Start importing Packages/com.unity.probuilder/Content/Icons/Toolbar/Background/Geo_Pressed_Vertical_Light.png using Guid(0b6c87828bb440646aae0621230d5d0b) Importer(815301076,1909f56bfc062723c751e8b465ee728b)  -> (artifact id: '26c2531d87937d4387f248895da00f2d') in 0.031251 seconds
Number of updated asset objects reloaded before import = 0
Number of asset objects unloaded after import = 2
========================================================================
Received Import Request.
  Time since last request: 0.022077 seconds.
  path: Packages/com.unity.probuilder/Content/Material/Textures/GridBox_Collider.png
  artifactKey: Guid(7e4b97337334f42d2a700647fd938234) Importer(815301076,1909f56bfc062723c751e8b465ee728b)
Start importing Packages/com.unity.probuilder/Content/Material/Textures/GridBox_Collider.png using Guid(7e4b97337334f42d2a700647fd938234) Importer(815301076,1909f56bfc062723c751e8b465ee728b)  -> (artifact id: '62204719fc5bd926f1686eb536ea5066') in 0.013585 seconds
Number of updated asset objects reloaded before import = 0
Number of asset objects unloaded after import = 2
========================================================================
Received Import Request.
  Time since last request: 0.000029 seconds.
  path: Packages/com.unity.probuilder/Content/Material/Textures/GridBox_Trigger.png
  artifactKey: Guid(b3fd87e2e956e41b0b43f76bb50a4934) Importer(815301076,1909f56bfc062723c751e8b465ee728b)
Start importing Packages/com.unity.probuilder/Content/Material/Textures/GridBox_Trigger.png using Guid(b3fd87e2e956e41b0b43f76bb50a4934) Importer(815301076,1909f56bfc062723c751e8b465ee728b)  -> (artifact id: '9d6a227ef2d4e5c087694e58b316bab3') in 0.032891 seconds
Number of updated asset objects reloaded before import = 0
Number of asset objects unloaded after import = 2
========================================================================
Received Import Request.
  Time since last request: 0.002052 seconds.
  path: Packages/com.unity.collab-proxy/Editor/PlasticSCM/Assets/Images/icondeletedremote@2x.png
  artifactKey: Guid(70e3ce8ad01f39248a3ea97a35bcf238) Importer(815301076,1909f56bfc062723c751e8b465ee728b)
Start importing Packages/com.unity.collab-proxy/Editor/PlasticSCM/Assets/Images/icondeletedremote@2x.png using Guid(70e3ce8ad01f39248a3ea97a35bcf238) Importer(815301076,1909f56bfc062723c751e8b465ee728b)  -> (artifact id: '50a3e3e1557ca440f814924095588d74') in 0.013079 seconds
Number of updated asset objects reloaded before import = 0
Number of asset objects unloaded after import = 2
========================================================================
Received Import Request.
  Time since last request: 0.003542 seconds.
  path: Packages/com.unity.collab-proxy/Editor/PlasticSCM/Assets/Images/iconlockedlocaloverlay@2x.png
  artifactKey: Guid(b528c1b33a65cf94ea74f830b54c9acb) Importer(815301076,1909f56bfc062723c751e8b465ee728b)
Start importing Packages/com.unity.collab-proxy/Editor/PlasticSCM/Assets/Images/iconlockedlocaloverlay@2x.png using Guid(b528c1b33a65cf94ea74f830b54c9acb) Importer(815301076,1909f56bfc062723c751e8b465ee728b)  -> (artifact id: 'ecb5b45688e8cc43c591947db49b36ac') in 0.012621 seconds
Number of updated asset objects reloaded before import = 0
Number of asset objects unloaded after import = 2
========================================================================
Received Import Request.
  Time since last request: 0.000782 seconds.
  path: Packages/com.unity.collab-proxy/Editor/PlasticSCM/Assets/Images/iconmoved.png
  artifactKey: Guid(8a6cca56e2b63344eb4769cd92d93ffb) Importer(815301076,1909f56bfc062723c751e8b465ee728b)
Start importing Packages/com.unity.collab-proxy/Editor/PlasticSCM/Assets/Images/iconmoved.png using Guid(8a6cca56e2b63344eb4769cd92d93ffb) Importer(815301076,1909f56bfc062723c751e8b465ee728b)  -> (artifact id: '03d09734fc103e97602e651445e78bb3') in 0.011705 seconds
Number of updated asset objects reloaded before import = 0
Number of asset objects unloaded after import = 2
========================================================================
Received Import Request.
  Time since last request: 0.043779 seconds.
  path: Assets/TextMesh Pro/Examples & Extras/Textures/Mask Zig-n-Zag.psd
  artifactKey: Guid(bb8dfcd263ad4eb383a33d74a720be6f) Importer(815301076,1909f56bfc062723c751e8b465ee728b)
Start importing Assets/TextMesh Pro/Examples & Extras/Textures/Mask Zig-n-Zag.psd using Guid(bb8dfcd263ad4eb383a33d74a720be6f) Importer(815301076,1909f56bfc062723c751e8b465ee728b)  -> (artifact id: 'f29b543a8072573f9c6e36befc558e08') in 0.013867 seconds
Number of updated asset objects reloaded before import = 0
Number of asset objects unloaded after import = 2
========================================================================
Received Import Request.
  Time since last request: 0.000014 seconds.
  path: Packages/com.unity.probuilder/Content/Icons/Modes/Mode_Edge@2x.png
  artifactKey: Guid(d7aeba32eb7db614d82102cc538eda7a) Importer(815301076,1909f56bfc062723c751e8b465ee728b)
Start importing Packages/com.unity.probuilder/Content/Icons/Modes/Mode_Edge@2x.png using Guid(d7aeba32eb7db614d82102cc538eda7a) Importer(815301076,1909f56bfc062723c751e8b465ee728b)  -> (artifact id: '77629272be6f46b40d93271117371883') in 0.020850 seconds
Number of updated asset objects reloaded before import = 0
Number of asset objects unloaded after import = 2
========================================================================
Received Import Request.
  Time since last request: 0.011870 seconds.
  path: Packages/com.unity.probuilder/Content/Icons/Toolbar/Object_ConformNormals.png
  artifactKey: Guid(810f66354dd304a43bcebe1a55601513) Importer(815301076,1909f56bfc062723c751e8b465ee728b)
Start importing Packages/com.unity.probuilder/Content/Icons/Toolbar/Object_ConformNormals.png using Guid(810f66354dd304a43bcebe1a55601513) Importer(815301076,1909f56bfc062723c751e8b465ee728b)  -> (artifact id: '0c767a4908bde7f37ccdca8102748f4f') in 0.024126 seconds
Number of updated asset objects reloaded before import = 0
Number of asset objects unloaded after import = 2
========================================================================
Received Import Request.
  Time since last request: 0.000018 seconds.
  path: Packages/com.unity.probuilder/Content/Icons/Toolbar/Background/Object_Hover_Horizontal.png
  artifactKey: Guid(1d3700779bf8f4804b95e11d9d17ca0b) Importer(815301076,1909f56bfc062723c751e8b465ee728b)
Start importing Packages/com.unity.probuilder/Content/Icons/Toolbar/Background/Object_Hover_Horizontal.png using Guid(1d3700779bf8f4804b95e11d9d17ca0b) Importer(815301076,1909f56bfc062723c751e8b465ee728b)  -> (artifact id: '96f4f58c2128c1e056d174db9ea2017c') in 0.020852 seconds
Number of updated asset objects reloaded before import = 0
Number of asset objects unloaded after import = 2
========================================================================
Received Import Request.
  Time since last request: 0.000088 seconds.
  path: Packages/com.unity.probuilder/Content/Icons/Toolbar/Object_GenerateUV2.png
  artifactKey: Guid(b389d16e3ce0e48289e8533dbc39bba8) Importer(815301076,1909f56bfc062723c751e8b465ee728b)
Start importing Packages/com.unity.probuilder/Content/Icons/Toolbar/Object_GenerateUV2.png using Guid(b389d16e3ce0e48289e8533dbc39bba8) Importer(815301076,1909f56bfc062723c751e8b465ee728b)  -> (artifact id: '56467d0c0f36886a080d166b6f7c9a1e') in 0.025366 seconds
Number of updated asset objects reloaded before import = 0
Number of asset objects unloaded after import = 2
========================================================================
Received Import Request.
  Time since last request: 0.000017 seconds.
  path: Packages/com.unity.probuilder/Content/Icons/Toolbar/Background/Object_Pressed_Vertical.png
  artifactKey: Guid(fc0d74759c05e45149f0d8110191cf89) Importer(815301076,1909f56bfc062723c751e8b465ee728b)
Start importing Packages/com.unity.probuilder/Content/Icons/Toolbar/Background/Object_Pressed_Vertical.png using Guid(fc0d74759c05e45149f0d8110191cf89) Importer(815301076,1909f56bfc062723c751e8b465ee728b)  -> (artifact id: '7c96760b41817ab8408afbc21909cf8f') in 0.032364 seconds
Number of updated asset objects reloaded before import = 0
Number of asset objects unloaded after import = 2
========================================================================
Received Import Request.
  Time since last request: 0.000016 seconds.
  path: Packages/com.unity.probuilder/Content/Icons/Toolbar/Object_Triangulate.png
  artifactKey: Guid(70c6b7d05bf524f3bac5f89a3f4c8194) Importer(815301076,1909f56bfc062723c751e8b465ee728b)
Start importing Packages/com.unity.probuilder/Content/Icons/Toolbar/Object_Triangulate.png using Guid(70c6b7d05bf524f3bac5f89a3f4c8194) Importer(815301076,1909f56bfc062723c751e8b465ee728b)  -> (artifact id: '15e06c36deb1959e3b0e29426de64071') in 0.028437 seconds
Number of updated asset objects reloaded before import = 0
Number of asset objects unloaded after import = 2
========================================================================
Received Import Request.
  Time since last request: 1.832960 seconds.
  path: Packages/com.unity.probuilder/Content/Icons/Toolbar/Object_Triangulate_disabled.png
  artifactKey: Guid(31913ad76661a4a7ab667ceabd697359) Importer(815301076,1909f56bfc062723c751e8b465ee728b)
Start importing Packages/com.unity.probuilder/Content/Icons/Toolbar/Object_Triangulate_disabled.png using Guid(31913ad76661a4a7ab667ceabd697359) Importer(815301076,1909f56bfc062723c751e8b465ee728b)  -> (artifact id: '6bfa5940fe2af2a667692a4486fdc6aa') in 0.025144 seconds
Number of updated asset objects reloaded before import = 0
Number of asset objects unloaded after import = 2
========================================================================
Received Import Request.
  Time since last request: 0.000017 seconds.
  path: Packages/com.unity.probuilder/Content/Icons/Toolbar/Panel_Boolean.png
  artifactKey: Guid(1f012abb1184a47c48035dd54530fb6e) Importer(815301076,1909f56bfc062723c751e8b465ee728b)
Start importing Packages/com.unity.probuilder/Content/Icons/Toolbar/Panel_Boolean.png using Guid(1f012abb1184a47c48035dd54530fb6e) Importer(815301076,1909f56bfc062723c751e8b465ee728b)  -> (artifact id: 'e57aefd263885f0896ab9dcf50deaae1') in 0.017418 seconds
Number of updated asset objects reloaded before import = 0
Number of asset objects unloaded after import = 2
========================================================================
Received Import Request.
  Time since last request: 0.035175 seconds.
  path: Packages/com.unity.probuilder/Content/Icons/Tools/ShapeTool/on/Plane@2x.png
  artifactKey: Guid(d0547ede8cffa4d46bc206b106e18bd7) Importer(815301076,1909f56bfc062723c751e8b465ee728b)
Start importing Packages/com.unity.probuilder/Content/Icons/Tools/ShapeTool/on/Plane@2x.png using Guid(d0547ede8cffa4d46bc206b106e18bd7) Importer(815301076,1909f56bfc062723c751e8b465ee728b)  -> (artifact id: 'ac7a0cffea77034a957312066aa3747a') in 0.012916 seconds
Number of updated asset objects reloaded before import = 0
Number of asset objects unloaded after import = 2
========================================================================
Received Import Request.
  Time since last request: 0.000444 seconds.
  path: Packages/com.unity.probuilder/Content/Icons/Tools/ShapeTool/on/Prism.png
  artifactKey: Guid(333e21795f3b6964a80f9f8b630f4ebe) Importer(815301076,1909f56bfc062723c751e8b465ee728b)
Start importing Packages/com.unity.probuilder/Content/Icons/Tools/ShapeTool/on/Prism.png using Guid(333e21795f3b6964a80f9f8b630f4ebe) Importer(815301076,1909f56bfc062723c751e8b465ee728b)  -> (artifact id: '4020bc4704f512bb4fced0125496b584') in 0.013308 seconds
Number of updated asset objects reloaded before import = 0
Number of asset objects unloaded after import = 2
========================================================================
Received Import Request.
  Time since last request: 0.000631 seconds.
  path: Packages/com.unity.probuilder/Content/Icons/Tools/ShapeTool/Prism@2x_Light.png
  artifactKey: Guid(c6c1579a2bd11934c9658a9e9e223714) Importer(815301076,1909f56bfc062723c751e8b465ee728b)
Start importing Packages/com.unity.probuilder/Content/Icons/Tools/ShapeTool/Prism@2x_Light.png using Guid(c6c1579a2bd11934c9658a9e9e223714) Importer(815301076,1909f56bfc062723c751e8b465ee728b)  -> (artifact id: 'ecc0f4703c2f81a88e77fa4941c9ee78') in 0.013256 seconds
Number of updated asset objects reloaded before import = 0
Number of asset objects unloaded after import = 2
========================================================================
Received Import Request.
  Time since last request: 0.027183 seconds.
  path: Packages/com.unity.probuilder/Content/Icons/Toolbar/Background/Selection_Pressed_Vertical.png
  artifactKey: Guid(a67eab5b1f52843f893fa9f2b00eea1e) Importer(815301076,1909f56bfc062723c751e8b465ee728b)
Start importing Packages/com.unity.probuilder/Content/Icons/Toolbar/Background/Selection_Pressed_Vertical.png using Guid(a67eab5b1f52843f893fa9f2b00eea1e) Importer(815301076,1909f56bfc062723c751e8b465ee728b)  -> (artifact id: '49f17efcc0d7a6ef6e4cebbc242b4e74') in 0.018020 seconds
Number of updated asset objects reloaded before import = 0
Number of asset objects unloaded after import = 2
========================================================================
Received Import Request.
  Time since last request: 0.000018 seconds.
  path: Packages/com.unity.probuilder/Content/Icons/Toolbar/Selection_Ring.png
  artifactKey: Guid(dda70ebc32c4c49b3a6187d6ded83f5b) Importer(815301076,1909f56bfc062723c751e8b465ee728b)
Start importing Packages/com.unity.probuilder/Content/Icons/Toolbar/Selection_Ring.png using Guid(dda70ebc32c4c49b3a6187d6ded83f5b) Importer(815301076,1909f56bfc062723c751e8b465ee728b)  -> (artifact id: '097580c48fc59fb0d2c5c95d92033f8c') in 0.028916 seconds
Number of updated asset objects reloaded before import = 0
Number of asset objects unloaded after import = 2
========================================================================
Received Import Request.
  Time since last request: 0.000021 seconds.
  path: Packages/com.unity.probuilder/Content/Icons/Toolbar/Selection_SelectByMaterial.png
  artifactKey: Guid(c0404ba48e711412ab3269a164760091) Importer(815301076,1909f56bfc062723c751e8b465ee728b)
Start importing Packages/com.unity.probuilder/Content/Icons/Toolbar/Selection_SelectByMaterial.png using Guid(c0404ba48e711412ab3269a164760091) Importer(815301076,1909f56bfc062723c751e8b465ee728b)  -> (artifact id: '69471161b8f9c4502c45deb814c55a43') in 0.022384 seconds
Number of updated asset objects reloaded before import = 0
Number of asset objects unloaded after import = 2
========================================================================
Received Import Request.
  Time since last request: 0.024597 seconds.
  path: Packages/com.unity.probuilder/Content/Icons/Tools/ShapeTool/on/Stair@2x.png
  artifactKey: Guid(d672df2ef6f6d8941988529120f24d5e) Importer(815301076,1909f56bfc062723c751e8b465ee728b)
Start importing Packages/com.unity.probuilder/Content/Icons/Tools/ShapeTool/on/Stair@2x.png using Guid(d672df2ef6f6d8941988529120f24d5e) Importer(815301076,1909f56bfc062723c751e8b465ee728b)  -> (artifact id: '6e54a4419768b9e547c8a6548a52248d') in 0.012573 seconds
Number of updated asset objects reloaded before import = 0
Number of asset objects unloaded after import = 2
========================================================================
Received Import Request.
  Time since last request: 0.000815 seconds.
  path: Packages/com.unity.probuilder/Content/Icons/Tools/ShapeTool/Stairs_Light.png
  artifactKey: Guid(e4b05266707f99b40a50fd3e83973928) Importer(815301076,1909f56bfc062723c751e8b465ee728b)
Start importing Packages/com.unity.probuilder/Content/Icons/Tools/ShapeTool/Stairs_Light.png using Guid(e4b05266707f99b40a50fd3e83973928) Importer(815301076,1909f56bfc062723c751e8b465ee728b)  -> (artifact id: 'f7ad1d06c1dfe8388ea98555ebe42b82') in 0.011438 seconds
Number of updated asset objects reloaded before import = 0
Number of asset objects unloaded after import = 2
========================================================================
Received Import Request.
  Time since last request: 0.003793 seconds.
  path: Packages/com.unity.collab-proxy/Editor/PlasticSCM/Assets/Images/step2@2x.png
  artifactKey: Guid(0029170d14ce6c04c9f45c22cdae5559) Importer(815301076,1909f56bfc062723c751e8b465ee728b)
Start importing Packages/com.unity.collab-proxy/Editor/PlasticSCM/Assets/Images/step2@2x.png using Guid(0029170d14ce6c04c9f45c22cdae5559) Importer(815301076,1909f56bfc062723c751e8b465ee728b)  -> (artifact id: '7694ea2ff691a2658ab70d846b95fc3b') in 0.012502 seconds
Number of updated asset objects reloaded before import = 0
Number of asset objects unloaded after import = 2
========================================================================
Received Import Request.
  Time since last request: 0.024889 seconds.
  path: Packages/com.unity.timeline/Editor/StyleSheets/Images/DarkSkin/TimelineHold.png
  artifactKey: Guid(ddbd45249a133a846b2f20e39b537565) Importer(815301076,1909f56bfc062723c751e8b465ee728b)
Start importing Packages/com.unity.timeline/Editor/StyleSheets/Images/DarkSkin/TimelineHold.png using Guid(ddbd45249a133a846b2f20e39b537565) Importer(815301076,1909f56bfc062723c751e8b465ee728b)  -> (artifact id: 'a5f030a40162695618cbb206a0c84c6c') in 0.012212 seconds
Number of updated asset objects reloaded before import = 0
Number of asset objects unloaded after import = 2
========================================================================
Received Import Request.
  Time since last request: 0.003747 seconds.
  path: Packages/com.unity.timeline/Editor/StyleSheets/Images/DarkSkin/TimelineIconClipOut.png
  artifactKey: Guid(32f7e3598d6414c489127629e29af3f6) Importer(815301076,1909f56bfc062723c751e8b465ee728b)
Start importing Packages/com.unity.timeline/Editor/StyleSheets/Images/DarkSkin/TimelineIconClipOut.png using Guid(32f7e3598d6414c489127629e29af3f6) Importer(815301076,1909f56bfc062723c751e8b465ee728b)  -> (artifact id: 'e48a925b209ec9d46a02ee0e34a8387d') in 0.013342 seconds
Number of updated asset objects reloaded before import = 0
Number of asset objects unloaded after import = 2
========================================================================
Received Import Request.
  Time since last request: 0.004218 seconds.
  path: Packages/com.unity.timeline/Editor/StyleSheets/Images/DarkSkin/TimelineKeyframe.png
  artifactKey: Guid(8eba099eb091faf419fecdcd5cdabfd7) Importer(815301076,1909f56bfc062723c751e8b465ee728b)
Start importing Packages/com.unity.timeline/Editor/StyleSheets/Images/DarkSkin/TimelineKeyframe.png using Guid(8eba099eb091faf419fecdcd5cdabfd7) Importer(815301076,1909f56bfc062723c751e8b465ee728b)  -> (artifact id: 'f6a21da0fea3325a6f39932fa2f6583f') in 0.012904 seconds
Number of updated asset objects reloaded before import = 0
Number of asset objects unloaded after import = 2
========================================================================
Received Import Request.
  Time since last request: 0.033023 seconds.
  path: Packages/com.unity.probuilder/Content/Icons/Toolbar/Background/Tool_Pressed_Vertical_Light.png
  artifactKey: Guid(1ea16344a9b2c4444a3225a7ed00927a) Importer(815301076,1909f56bfc062723c751e8b465ee728b)
Start importing Packages/com.unity.probuilder/Content/Icons/Toolbar/Background/Tool_Pressed_Vertical_Light.png using Guid(1ea16344a9b2c4444a3225a7ed00927a) Importer(815301076,1909f56bfc062723c751e8b465ee728b)  -> (artifact id: 'c7c2a663136e15fec48dcd50b5849318') in 0.012788 seconds
Number of updated asset objects reloaded before import = 0
Number of asset objects unloaded after import = 2
========================================================================
Received Import Request.
  Time since last request: 0.000046 seconds.
  path: Packages/com.unity.probuilder/Content/Icons/Tools/ShapeTool/Torus@2x.png
  artifactKey: Guid(8bc20ca7049b5ae44a2571f02344eee3) Importer(815301076,1909f56bfc062723c751e8b465ee728b)
Start importing Packages/com.unity.probuilder/Content/Icons/Tools/ShapeTool/Torus@2x.png using Guid(8bc20ca7049b5ae44a2571f02344eee3) Importer(815301076,1909f56bfc062723c751e8b465ee728b)  -> (artifact id: '4299c7eaf5aeba8f5484b066d7b283a9') in 0.019331 seconds
Number of updated asset objects reloaded before import = 0
Number of asset objects unloaded after import = 2
========================================================================
Received Import Request.
  Time since last request: 0.000012 seconds.
  path: Packages/com.unity.timeline/Editor/StyleSheets/Images/Icons/TrackAvatarButtonDisabled@2x.png
  artifactKey: Guid(7c05578092876a0458b8b480269aef86) Importer(815301076,1909f56bfc062723c751e8b465ee728b)
Start importing Packages/com.unity.timeline/Editor/StyleSheets/Images/Icons/TrackAvatarButtonDisabled@2x.png using Guid(7c05578092876a0458b8b480269aef86) Importer(815301076,1909f56bfc062723c751e8b465ee728b)  -> (artifact id: 'f2f5a5faefa553ab86db1524d617b67f') in 0.012701 seconds
Number of updated asset objects reloaded before import = 0
Number of asset objects unloaded after import = 2
========================================================================
Received Import Request.
  Time since last request: 0.029036 seconds.
  path: Assets/TextMesh Pro/Examples & Extras/Textures/Wipe Pattern - Circle.psd
  artifactKey: Guid(10c49fcd9c64421db7c0133e61e55f97) Importer(815301076,1909f56bfc062723c751e8b465ee728b)
Start importing Assets/TextMesh Pro/Examples & Extras/Textures/Wipe Pattern - Circle.psd using Guid(10c49fcd9c64421db7c0133e61e55f97) Importer(815301076,1909f56bfc062723c751e8b465ee728b)  -> (artifact id: '509b0611058b452c4ac1829551ff8d5d') in 0.014071 seconds
Number of updated asset objects reloaded before import = 0
Number of asset objects unloaded after import = 2
========================================================================
Received Import Request.
  Time since last request: 4.107864 seconds.
  path: Packages/com.unity.collab-proxy/Editor/PlasticSCM/Assets/Images/xlink.png
  artifactKey: Guid(556a2f3b046024d4c9621c1b4be5f0c1) Importer(815301076,1909f56bfc062723c751e8b465ee728b)
Start importing Packages/com.unity.collab-proxy/Editor/PlasticSCM/Assets/Images/xlink.png using Guid(556a2f3b046024d4c9621c1b4be5f0c1) Importer(815301076,1909f56bfc062723c751e8b465ee728b)  -> (artifact id: 'fc638e27e98608c0909d093c20ec3c4c') in 0.034140 seconds
Number of updated asset objects reloaded before import = 0
Number of asset objects unloaded after import = 2
========================================================================
Received Import Request.
  Time since last request: 4.511737 seconds.
  path: Assets/TextMesh Pro/Examples & Extras/Textures/Wipe Pattern - Radial Double.psd
  artifactKey: Guid(7631f4eff8f74ed38eb3eb9db17134e1) Importer(815301076,1909f56bfc062723c751e8b465ee728b)
Start importing Assets/TextMesh Pro/Examples & Extras/Textures/Wipe Pattern - Radial Double.psd using Guid(7631f4eff8f74ed38eb3eb9db17134e1) Importer(815301076,1909f56bfc062723c751e8b465ee728b)  -> (artifact id: 'd1523f3cf4db718e71c58efffd67c861') in 0.020520 seconds
Number of updated asset objects reloaded before import = 0
Number of asset objects unloaded after import = 2
========================================================================
Received Import Request.
  Time since last request: 0.070250 seconds.
  path: Assets/TextMesh Pro/Examples & Extras/Textures/Wipe Pattern - Diagonal.psd
  artifactKey: Guid(ed5290d8df18488780e2996b9b882f01) Importer(815301076,1909f56bfc062723c751e8b465ee728b)
Start importing Assets/TextMesh Pro/Examples & Extras/Textures/Wipe Pattern - Diagonal.psd using Guid(ed5290d8df18488780e2996b9b882f01) Importer(815301076,1909f56bfc062723c751e8b465ee728b)  -> (artifact id: '5f582698e0afa8d7c96a4c4dd39370e6') in 0.006923 seconds
Number of updated asset objects reloaded before import = 0
Number of asset objects unloaded after import = 2
========================================================================
Received Import Request.
  Time since last request: 8.849251 seconds.
  path: Packages/com.unity.probuilder/Content/Icons/Toolbar/Vert_Weld.png
  artifactKey: Guid(c0b06baa896f142f09a15698ea90e521) Importer(815301076,1909f56bfc062723c751e8b465ee728b)
Start importing Packages/com.unity.probuilder/Content/Icons/Toolbar/Vert_Weld.png using Guid(c0b06baa896f142f09a15698ea90e521) Importer(815301076,1909f56bfc062723c751e8b465ee728b)  -> (artifact id: 'd2b89a70c9a493de735020eed08588cc') in 0.041373 seconds
Number of updated asset objects reloaded before import = 0
Number of asset objects unloaded after import = 2
========================================================================
Received Import Request.
  Time since last request: 1.567287 seconds.
  path: Packages/com.unity.probuilder/Content/Icons/Toolbar/Vert_Split.png
  artifactKey: Guid(98b34f0cc329b4e808ea1cc1cf40c74b) Importer(815301076,1909f56bfc062723c751e8b465ee728b)
Start importing Packages/com.unity.probuilder/Content/Icons/Toolbar/Vert_Split.png using Guid(98b34f0cc329b4e808ea1cc1cf40c74b) Importer(815301076,1909f56bfc062723c751e8b465ee728b)  -> (artifact id: 'dc43913a515f414963cec7da4af052ad') in 0.033979 seconds
Number of updated asset objects reloaded before import = 0
Number of asset objects unloaded after import = 2
========================================================================
Received Import Request.
  Time since last request: 10.930150 seconds.
  path: Assets/WorldMaterialsFree/Resource Files/BrushedIron/BrushedIron_Albedo.png
  artifactKey: Guid(450abdfc31012ee45a60a12a63706bdd) Importer(815301076,1909f56bfc062723c751e8b465ee728b)
Start importing Assets/WorldMaterialsFree/Resource Files/BrushedIron/BrushedIron_Albedo.png using Guid(450abdfc31012ee45a60a12a63706bdd) Importer(815301076,1909f56bfc062723c751e8b465ee728b)  -> (artifact id: 'eb08d453aa9496904a1eb639cc846bb9') in 0.019838 seconds
Number of updated asset objects reloaded before import = 0
Number of asset objects unloaded after import = 2
========================================================================
Received Import Request.
  Time since last request: 0.000012 seconds.
  path: Assets/WorldMaterialsFree/Resource Files/BrushedIron/BrushedIron_Normal.png
  artifactKey: Guid(7d93ec18be30d0340b3270211bba118f) Importer(815301076,1909f56bfc062723c751e8b465ee728b)
Start importing Assets/WorldMaterialsFree/Resource Files/BrushedIron/BrushedIron_Normal.png using Guid(7d93ec18be30d0340b3270211bba118f) Importer(815301076,1909f56bfc062723c751e8b465ee728b)  -> (artifact id: '35faba6cfdf607d57bde55833a552140') in 0.036433 seconds
Number of updated asset objects reloaded before import = 0
Number of asset objects unloaded after import = 2
========================================================================
Received Import Request.
  Time since last request: 52.714746 seconds.
  path: Assets/WorldMaterialsFree/Resource Files/GrassClumps/GrassClumps_normal.png
  artifactKey: Guid(94f1b3e664544014b883305acee2bff8) Importer(815301076,1909f56bfc062723c751e8b465ee728b)
Start importing Assets/WorldMaterialsFree/Resource Files/GrassClumps/GrassClumps_normal.png using Guid(94f1b3e664544014b883305acee2bff8) Importer(815301076,1909f56bfc062723c751e8b465ee728b)  -> (artifact id: 'f4a10d11b362d35621a1e951a2ee5f5d') in 0.027884 seconds
Number of updated asset objects reloaded before import = 0
Number of asset objects unloaded after import = 2
========================================================================
Received Import Request.
  Time since last request: 29.067825 seconds.
  path: Assets/WorldMaterialsFree/Resource Files/ClumpMud/ClumpMud_albedo.png
  artifactKey: Guid(8a3ef1722a8fd3a4c8353e18116e7a19) Importer(815301076,1909f56bfc062723c751e8b465ee728b)
Start importing Assets/WorldMaterialsFree/Resource Files/ClumpMud/ClumpMud_albedo.png using Guid(8a3ef1722a8fd3a4c8353e18116e7a19) Importer(815301076,1909f56bfc062723c751e8b465ee728b)  -> (artifact id: 'bcdfa0b185458fffa4e109749ef9d264') in 0.020804 seconds
Number of updated asset objects reloaded before import = 0
Number of asset objects unloaded after import = 2
========================================================================
Received Import Request.
  Time since last request: 0.000012 seconds.
  path: Assets/WorldMaterialsFree/Resource Files/ClumpMud/ClumpMud_Roughness.png
  artifactKey: Guid(f7bacf6227a370f4bb68a162cd7a690c) Importer(815301076,1909f56bfc062723c751e8b465ee728b)
Start importing Assets/WorldMaterialsFree/Resource Files/ClumpMud/ClumpMud_Roughness.png using Guid(f7bacf6227a370f4bb68a162cd7a690c) Importer(815301076,1909f56bfc062723c751e8b465ee728b)  -> (artifact id: '58674a807f3cf547ad31ab0ea0b3ef11') in 0.020681 seconds
Number of updated asset objects reloaded before import = 0
Number of asset objects unloaded after import = 2
========================================================================
Received Import Request.
  Time since last request: 36.739516 seconds.
  path: Assets/WorldMaterialsFree/Resource Files/DesertCliffRock/DesertCliffRock_Albedo.png
  artifactKey: Guid(0ff3d736d50e41a4c9f26cfbfd0672e6) Importer(815301076,1909f56bfc062723c751e8b465ee728b)
Start importing Assets/WorldMaterialsFree/Resource Files/DesertCliffRock/DesertCliffRock_Albedo.png using Guid(0ff3d736d50e41a4c9f26cfbfd0672e6) Importer(815301076,1909f56bfc062723c751e8b465ee728b)  -> (artifact id: '432f342e9e7e0c4e580c924c34871171') in 0.027579 seconds
Number of updated asset objects reloaded before import = 0
Number of asset objects unloaded after import = 2
========================================================================
Received Import Request.
  Time since last request: 0.000061 seconds.
  path: Assets/WorldMaterialsFree/Resource Files/DesertCliffRock/DesertCliffRock_Smoothness.png
  artifactKey: Guid(3e062a379d2d81747b28ac0489910980) Importer(815301076,1909f56bfc062723c751e8b465ee728b)
Start importing Assets/WorldMaterialsFree/Resource Files/DesertCliffRock/DesertCliffRock_Smoothness.png using Guid(3e062a379d2d81747b28ac0489910980) Importer(815301076,1909f56bfc062723c751e8b465ee728b)  -> (artifact id: '7108f0f6e7b5e3b40e370fc629adb6ac') in 0.026646 seconds
Number of updated asset objects reloaded before import = 0
Number of asset objects unloaded after import = 2
========================================================================
Received Import Request.
  Time since last request: 1.864529 seconds.
  path: Assets/WorldMaterialsFree/Resource Files/DryRockyDirt/DryRockyDirt_Albedo.png
  artifactKey: Guid(133dc91bc0027424f846f4cff389cb9f) Importer(815301076,1909f56bfc062723c751e8b465ee728b)
Start importing Assets/WorldMaterialsFree/Resource Files/DryRockyDirt/DryRockyDirt_Albedo.png using Guid(133dc91bc0027424f846f4cff389cb9f) Importer(815301076,1909f56bfc062723c751e8b465ee728b)  -> (artifact id: '8f13cae6c53161e6b493c291630e719c') in 0.020647 seconds
Number of updated asset objects reloaded before import = 0
Number of asset objects unloaded after import = 2
========================================================================
Received Import Request.
  Time since last request: 0.000011 seconds.
  path: Assets/WorldMaterialsFree/Resource Files/DryRockyDirt/DryRockyDirt_Roughness.png
  artifactKey: Guid(8a0169be06eccdc43b8f13fe7f4a0a75) Importer(815301076,1909f56bfc062723c751e8b465ee728b)
Start importing Assets/WorldMaterialsFree/Resource Files/DryRockyDirt/DryRockyDirt_Roughness.png using Guid(8a0169be06eccdc43b8f13fe7f4a0a75) Importer(815301076,1909f56bfc062723c751e8b465ee728b)  -> (artifact id: '513d4663f982726f1fd72ccb8ee3dbad') in 0.059773 seconds
Number of updated asset objects reloaded before import = 0
Number of asset objects unloaded after import = 2
========================================================================
Received Import Request.
  Time since last request: 6.123049 seconds.
  path: Assets/WorldMaterialsFree/Resource Files/GrassClumps/GrassClumps_albedo.png
  artifactKey: Guid(b500db8fa0ef7a748a05edd476f8792c) Importer(815301076,1909f56bfc062723c751e8b465ee728b)
Start importing Assets/WorldMaterialsFree/Resource Files/GrassClumps/GrassClumps_albedo.png using Guid(b500db8fa0ef7a748a05edd476f8792c) Importer(815301076,1909f56bfc062723c751e8b465ee728b)  -> (artifact id: 'd8404096e3bef9820b4bc1ffbc565b85') in 0.023849 seconds
Number of updated asset objects reloaded before import = 0
Number of asset objects unloaded after import = 2
========================================================================
Received Import Request.
  Time since last request: 0.000026 seconds.
  path: Assets/WorldMaterialsFree/Resource Files/GrassClumps/GrassClumps_smoothness.png
  artifactKey: Guid(1c6ef37185037f6449d46a00eae8d818) Importer(815301076,1909f56bfc062723c751e8b465ee728b)
Start importing Assets/WorldMaterialsFree/Resource Files/GrassClumps/GrassClumps_smoothness.png using Guid(1c6ef37185037f6449d46a00eae8d818) Importer(815301076,1909f56bfc062723c751e8b465ee728b)  -> (artifact id: '4459036c03f94c52709490e444f932b8') in 0.019050 seconds
Number of updated asset objects reloaded before import = 0
Number of asset objects unloaded after import = 2
========================================================================
Received Import Request.
  Time since last request: 0.407299 seconds.
  path: Assets/WorldMaterialsFree/Resource Files/GrassGravel/GrassGravel_Albedo.png
  artifactKey: Guid(44a48fe88ad4f5844b6d1672bf702e4f) Importer(815301076,1909f56bfc062723c751e8b465ee728b)
Start importing Assets/WorldMaterialsFree/Resource Files/GrassGravel/GrassGravel_Albedo.png using Guid(44a48fe88ad4f5844b6d1672bf702e4f) Importer(815301076,1909f56bfc062723c751e8b465ee728b)  -> (artifact id: '7b1397ad48a55c61cf7d39bb0a6bf348') in 0.017927 seconds
Number of updated asset objects reloaded before import = 0
Number of asset objects unloaded after import = 2
========================================================================
Received Import Request.
  Time since last request: 6.115386 seconds.
  path: Assets/WorldMaterialsFree/Resource Files/HexBricks/HexBricks_Albedo.png
  artifactKey: Guid(a722c3f6057abe04a94034f923d953fb) Importer(815301076,1909f56bfc062723c751e8b465ee728b)
Start importing Assets/WorldMaterialsFree/Resource Files/HexBricks/HexBricks_Albedo.png using Guid(a722c3f6057abe04a94034f923d953fb) Importer(815301076,1909f56bfc062723c751e8b465ee728b)  -> (artifact id: '7fd7f504a91f25c6fca6df2c5d348c5b') in 0.059541 seconds
Number of updated asset objects reloaded before import = 0
Number of asset objects unloaded after import = 2
========================================================================
Received Import Request.
  Time since last request: 0.790641 seconds.
  path: Assets/WorldMaterialsFree/Resource Files/PebbledGravel/PebbledGravel_Albedo.png
  artifactKey: Guid(f4ed305362918144e97c242b8301811e) Importer(815301076,1909f56bfc062723c751e8b465ee728b)
Start importing Assets/WorldMaterialsFree/Resource Files/PebbledGravel/PebbledGravel_Albedo.png using Guid(f4ed305362918144e97c242b8301811e) Importer(815301076,1909f56bfc062723c751e8b465ee728b)  -> (artifact id: 'c3f0ac32f0e0ff964cc8fe9d1e1cd870') in 0.021442 seconds
Number of updated asset objects reloaded before import = 0
Number of asset objects unloaded after import = 2
========================================================================
Received Import Request.
  Time since last request: 0.000014 seconds.
  path: Assets/WorldMaterialsFree/Resource Files/PebbledGravel/PebbledGravel_YFliped_normal.png
  artifactKey: Guid(bedfc1b580f2a5f4d9bc40c2d7872747) Importer(815301076,1909f56bfc062723c751e8b465ee728b)
Start importing Assets/WorldMaterialsFree/Resource Files/PebbledGravel/PebbledGravel_YFliped_normal.png using Guid(bedfc1b580f2a5f4d9bc40c2d7872747) Importer(815301076,1909f56bfc062723c751e8b465ee728b)  -> (artifact id: '428de1bdf43bd9cdf62c4447f86cf3f8') in 0.027709 seconds
Number of updated asset objects reloaded before import = 0
Number of asset objects unloaded after import = 2
========================================================================
Received Import Request.
  Time since last request: 335.665235 seconds.
  path: Packages/com.unity.probuilder/Content/Icons/Toolbar/Background/Tool_Normal_Vertical_Light.png
  artifactKey: Guid(5e317b3c4e183c2449d854624f710053) Importer(815301076,1909f56bfc062723c751e8b465ee728b)
Start importing Packages/com.unity.probuilder/Content/Icons/Toolbar/Background/Tool_Normal_Vertical_Light.png using Guid(5e317b3c4e183c2449d854624f710053) Importer(815301076,1909f56bfc062723c751e8b465ee728b)  -> (artifact id: 'd9234d1d3033c90b9fb0fdf3ddca02bc') in 0.025827 seconds
Number of updated asset objects reloaded before import = 0
Number of asset objects unloaded after import = 2
========================================================================
Received Import Request.
  Time since last request: 895.453402 seconds.
  path: Assets/Material/Building0/HouseWall.mat
  artifactKey: Guid(3abb0cbe733c7d146bb39c424fdcd4c5) Importer(815301076,1909f56bfc062723c751e8b465ee728b)
Start importing Assets/Material/Building0/HouseWall.mat using Guid(3abb0cbe733c7d146bb39c424fdcd4c5) Importer(815301076,1909f56bfc062723c751e8b465ee728b)  -> (artifact id: 'c6eaf97a8693de58cb52dc1f00a515a0') in 0.036567 seconds
Number of updated asset objects reloaded before import = 0
Number of asset objects unloaded after import = 3
========================================================================
Received Import Request.
  Time since last request: 25.685738 seconds.
  path: Assets/Material/Building0/HouseWall2.mat
  artifactKey: Guid(8818c8f36e4d6e54fb000f6da1499199) Importer(815301076,1909f56bfc062723c751e8b465ee728b)
Start importing Assets/Material/Building0/HouseWall2.mat using Guid(8818c8f36e4d6e54fb000f6da1499199) Importer(815301076,1909f56bfc062723c751e8b465ee728b)  -> (artifact id: '69b6e7b30ca323c241340790a745f68f') in 0.037851 seconds
Number of updated asset objects reloaded before import = 0
Number of asset objects unloaded after import = 1
========================================================================
Received Import Request.
  Time since last request: 527.414931 seconds.
  path: Assets/Material/Building0/Line.mat
  artifactKey: Guid(e3c967a24cc61f247986bc8216a98f59) Importer(815301076,1909f56bfc062723c751e8b465ee728b)
Start importing Assets/Material/Building0/Line.mat using Guid(e3c967a24cc61f247986bc8216a98f59) Importer(815301076,1909f56bfc062723c751e8b465ee728b)  -> (artifact id: '9c2cfd6c378c84f3b6870363971da596') in 0.018866 seconds
Number of updated asset objects reloaded before import = 0
Number of asset objects unloaded after import = 1
========================================================================
Received Import Request.
  Time since last request: 104.375248 seconds.
  path: Assets/Material/Building0/HouseWall2.mat
  artifactKey: Guid(8818c8f36e4d6e54fb000f6da1499199) Importer(815301076,1909f56bfc062723c751e8b465ee728b)
Start importing Assets/Material/Building0/HouseWall2.mat using Guid(8818c8f36e4d6e54fb000f6da1499199) Importer(815301076,1909f56bfc062723c751e8b465ee728b)  -> (artifact id: 'a7de1c854cdaeb5c0c91c02970d6babe') in 0.020202 seconds
Number of updated asset objects reloaded before import = 0
Number of asset objects unloaded after import = 1
